<?xml version="1.0" encoding="UTF-8"?>
<!-- Generated by org.testng.reporters.JUnitReportReporter -->
<testsuite hostname="P3BLAP-138M1D6" failures="0" tests="1" name="automation.tests.E2ETest" time="49.693" errors="0" timestamp="2025-02-23T22:43:51 IST" skipped="0">
  <testcase classname="automation.tests.E2ETest" name="addToCartTest" time="49.693"/>
</testsuite> <!-- automation.tests.E2ETest -->
