<?xml version="1.0" encoding="UTF-8"?>
<!-- Generated by org.testng.reporters.JUnitReportReporter -->
<testsuite hostname="P3BLAP-138M1D6" failures="0" tests="1" name="automation.tests.E2ETest" time="37.531" errors="0" timestamp="2025-02-21T22:26:44 IST" skipped="0">
  <testcase classname="automation.tests.E2ETest" name="addToCartTest" time="37.531"/>
</testsuite> <!-- automation.tests.E2ETest -->
